{"meta": {"format": 3, "version": "7.13.4", "timestamp": "2026-03-24T22:14:22.507703", "branch_coverage": true, "show_contexts": false}, "files": {"poly_llm/to_test/numerical_letter_grade.py": {"executed_lines": [29, 30, 31, 32, 33, 35, 36, 37, 39, 40, 41, 43, 45, 46, 47, 48, 49, 50, 51, 53, 56, 57], "summary": {"covered_lines": 22, "num_statements": 29, "percent_covered": 76.36363636363636, "percent_covered_display": "76", "missing_lines": 7, "excluded_lines": 3, "percent_statements_covered": 75.86206896551724, "percent_statements_covered_display": "76", "num_branches": 26, "num_partial_branches": 6, "covered_branches": 20, "missing_branches": 6, "percent_branches_covered": 76.92307692307692, "percent_branches_covered_display": "77"}, "missing_lines": [2, 34, 38, 42, 44, 52, 54], "excluded_lines": [58, 59, 60], "executed_branches": [[30, 31], [30, 57], [31, 32], [31, 33], [33, 35], [35, 36], [35, 37], [37, 39], [39, 40], [39, 41], [41, 43], [43, 45], [45, 46], [45, 47], [47, 48], [47, 49], [49, 50], [49, 51], [51, 53], [53, 56]], "missing_branches": [[33, 34], [37, 38], [41, 42], [43, 44], [51, 52], [53, 54]], "functions": {"numerical_letter_grade": {"executed_lines": [29, 30, 31, 32, 33, 35, 36, 37, 39, 40, 41, 43, 45, 46, 47, 48, 49, 50, 51, 53, 56, 57], "summary": {"covered_lines": 22, "num_statements": 28, "percent_covered": 77.77777777777777, "percent_covered_display": "78", "missing_lines": 6, "excluded_lines": 0, "percent_statements_covered": 78.57142857142857, "percent_statements_covered_display": "79", "num_branches": 26, "num_partial_branches": 6, "covered_branches": 20, "missing_branches": 6, "percent_branches_covered": 76.92307692307692, "percent_branches_covered_display": "77"}, "missing_lines": [34, 38, 42, 44, 52, 54], "excluded_lines": [], "start_line": 2, "executed_branches": [[30, 31], [30, 57], [31, 32], [31, 33], [33, 35], [35, 36], [35, 37], [37, 39], [39, 40], [39, 41], [41, 43], [43, 45], [45, 46], [45, 47], [47, 48], [47, 49], [49, 50], [49, 51], [51, 53], [53, 56]], "missing_branches": [[33, 34], [37, 38], [41, 42], [43, 44], [51, 52], [53, 54]]}, "test_numerical_letter_grade": {"executed_lines": [], "summary": {"covered_lines": 0, "num_statements": 0, "percent_covered": 100.0, "percent_covered_display": "100", "missing_lines": 0, "excluded_lines": 2, "percent_statements_covered": 100.0, "percent_statements_covered_display": "100", "num_branches": 0, "num_partial_branches": 0, "covered_branches": 0, "missing_branches": 0, "percent_branches_covered": 100.0, "percent_branches_covered_display": "100"}, "missing_lines": [], "excluded_lines": [59, 60], "start_line": 58, "executed_branches": [], "missing_branches": []}, "": {"executed_lines": [], "summary": {"covered_lines": 0, "num_statements": 1, "percent_covered": 0.0, "percent_covered_display": "0", "missing_lines": 1, "excluded_lines": 1, "percent_statements_covered": 0.0, "percent_statements_covered_display": "0", "num_branches": 0, "num_partial_branches": 0, "covered_branches": 0, "missing_branches": 0, "percent_branches_covered": 100.0, "percent_branches_covered_display": "100"}, "missing_lines": [2], "excluded_lines": [58], "start_line": 1, "executed_branches": [], "missing_branches": []}}, "classes": {"": {"executed_lines": [29, 30, 31, 32, 33, 35, 36, 37, 39, 40, 41, 43, 45, 46, 47, 48, 49, 50, 51, 53, 56, 57], "summary": {"covered_lines": 22, "num_statements": 29, "percent_covered": 76.36363636363636, "percent_covered_display": "76", "missing_lines": 7, "excluded_lines": 3, "percent_statements_covered": 75.86206896551724, "percent_statements_covered_display": "76", "num_branches": 26, "num_partial_branches": 6, "covered_branches": 20, "missing_branches": 6, "percent_branches_covered": 76.92307692307692, "percent_branches_covered_display": "77"}, "missing_lines": [2, 34, 38, 42, 44, 52, 54], "excluded_lines": [58, 59, 60], "start_line": 1, "executed_branches": [[30, 31], [30, 57], [31, 32], [31, 33], [33, 35], [35, 36], [35, 37], [37, 39], [39, 40], [39, 41], [41, 43], [43, 45], [45, 46], [45, 47], [47, 48], [47, 49], [49, 50], [49, 51], [51, 53], [53, 56]], "missing_branches": [[33, 34], [37, 38], [41, 42], [43, 44], [51, 52], [53, 54]]}}}, "test_codegen_local/codegen_few_test_numerical_letter_grade.py": {"executed_lines": [2, 3, 4], "summary": {"covered_lines": 3, "num_statements": 4, "percent_covered": 75.0, "percent_covered_display": "75", "missing_lines": 1, "excluded_lines": 0, "percent_statements_covered": 75.0, "percent_statements_covered_display": "75", "num_branches": 0, "num_partial_branches": 0, "covered_branches": 0, "missing_branches": 0, "percent_branches_covered": 100.0, "percent_branches_covered_display": "100"}, "missing_lines": [1], "excluded_lines": [], "executed_branches": [], "missing_branches": [], "functions": {"test_numerical_letter_grade": {"executed_lines": [2, 3, 4], "summary": {"covered_lines": 3, "num_statements": 3, "percent_covered": 100.0, "percent_covered_display": "100", "missing_lines": 0, "excluded_lines": 0, "percent_statements_covered": 100.0, "percent_statements_covered_display": "100", "num_branches": 0, "num_partial_branches": 0, "covered_branches": 0, "missing_branches": 0, "percent_branches_covered": 100.0, "percent_branches_covered_display": "100"}, "missing_lines": [], "excluded_lines": [], "start_line": 1, "executed_branches": [], "missing_branches": []}, "": {"executed_lines": [], "summary": {"covered_lines": 0, "num_statements": 1, "percent_covered": 0.0, "percent_covered_display": "0", "missing_lines": 1, "excluded_lines": 0, "percent_statements_covered": 0.0, "percent_statements_covered_display": "0", "num_branches": 0, "num_partial_branches": 0, "covered_branches": 0, "missing_branches": 0, "percent_branches_covered": 100.0, "percent_branches_covered_display": "100"}, "missing_lines": [1], "excluded_lines": [], "start_line": 1, "executed_branches": [], "missing_branches": []}}, "classes": {"": {"executed_lines": [2, 3, 4], "summary": {"covered_lines": 3, "num_statements": 4, "percent_covered": 75.0, "percent_covered_display": "75", "missing_lines": 1, "excluded_lines": 0, "percent_statements_covered": 75.0, "percent_statements_covered_display": "75", "num_branches": 0, "num_partial_branches": 0, "covered_branches": 0, "missing_branches": 0, "percent_branches_covered": 100.0, "percent_branches_covered_display": "100"}, "missing_lines": [1], "excluded_lines": [], "start_line": 1, "executed_branches": [], "missing_branches": []}}}}, "totals": {"covered_lines": 25, "num_statements": 33, "percent_covered": 76.27118644067797, "percent_covered_display": "76", "missing_lines": 8, "excluded_lines": 3, "percent_statements_covered": 75.75757575757575, "percent_statements_covered_display": "76", "num_branches": 26, "num_partial_branches": 6, "covered_branches": 20, "missing_branches": 6, "percent_branches_covered": 76.92307692307692, "percent_branches_covered_display": "77"}}